c:\users\leonardo\source\repos\project3\project3\debug\vc141.pdb
c:\users\leonardo\source\repos\project3\project3\debug\vc141.idb
c:\users\leonardo\source\repos\project3\project3\debug\read-memory-process.obj
c:\users\leonardo\source\repos\project3\debug\read.exe
c:\users\leonardo\source\repos\project3\debug\read.ilk
c:\users\leonardo\source\repos\project3\debug\read.pdb
c:\users\leonardo\source\repos\read-process\project3\debug\read-memory-process.obj
c:\users\leonardo\source\repos\read-process\project3\debug\read_process-memory.obj
c:\users\leonardo\source\repos\read-process\project3\debug\source.obj
c:\users\leonardo\source\repos\read-process\project3\debug\write_process-memory.obj
c:\users\leonardo\source\repos\read-process\project3\debug\vc141.idb
c:\users\leonardo\source\repos\read-process\project3\debug\vc141.pdb
c:\users\leonardo\source\repos\read-process\debug\read.pdb
c:\users\leonardo\source\repos\read-process\debug\read.exe
c:\users\leonardo\source\repos\read-process\debug\read.ilk
c:\users\leonardo\source\repos\read-process\project3\debug\read.tlog\cl.command.1.tlog
c:\users\leonardo\source\repos\read-process\project3\debug\read.tlog\cl.read.1.tlog
c:\users\leonardo\source\repos\read-process\project3\debug\read.tlog\cl.write.1.tlog
c:\users\leonardo\source\repos\read-process\project3\debug\read.tlog\link.command.1.tlog
c:\users\leonardo\source\repos\read-process\project3\debug\read.tlog\link.read.1.tlog
c:\users\leonardo\source\repos\read-process\project3\debug\read.tlog\link.write.1.tlog
